This is pdfTeX, Version 3.141592653-2.6-1.40.25 (MiKTeX 23.4) (preloaded format=pdflatex 2023.9.7)  14 SEP 2023 21:54
entering extended mode
 restricted \write18 enabled.
 %&-line parsing enabled.
**C:/Users/User/Desktop/Prostynya/Prostynya/latex/234.tex
(C:/Users/User/Desktop/Prostynya/Prostynya/latex/234.tex
LaTeX2e <2022-11-01> patch level 1
L3 programming layer <2023-03-30>
(C:\Users\User\AppData\Local\Programs\MiKTeX\tex/latex/base\article.cls
Document Class: article 2022/07/02 v1.4n Standard LaTeX document class
(C:\Users\User\AppData\Local\Programs\MiKTeX\tex/latex/base\size10.clo
File: size10.clo 2022/07/02 v1.4n Standard LaTeX file (size option)
)
\c@part=\count185
\c@section=\count186
\c@subsection=\count187
\c@subsubsection=\count188
\c@paragraph=\count189
\c@subparagraph=\count190
\c@figure=\count191
\c@table=\count192
\abovecaptionskip=\skip48
\belowcaptionskip=\skip49
\bibindent=\dimen140
)
(C:\Users\User\AppData\Local\Programs\MiKTeX\tex/latex/geometry\geometry.sty
Package: geometry 2020/01/02 v5.9 Page Geometry

(C:\Users\User\AppData\Local\Programs\MiKTeX\tex/latex/graphics\keyval.sty
Package: keyval 2022/05/29 v1.15 key=value parser (DPC)
\KV@toks@=\toks16
)
(C:\Users\User\AppData\Local\Programs\MiKTeX\tex/generic/iftex\ifvtex.sty
Package: ifvtex 2019/10/25 v1.7 ifvtex legacy package. Use iftex instead.

(C:\Users\User\AppData\Local\Programs\MiKTeX\tex/generic/iftex\iftex.sty
Package: iftex 2022/02/03 v1.0f TeX engine tests
))
\Gm@cnth=\count193
\Gm@cntv=\count194
\c@Gm@tempcnt=\count195
\Gm@bindingoffset=\dimen141
\Gm@wd@mp=\dimen142
\Gm@odd@mp=\dimen143
\Gm@even@mp=\dimen144
\Gm@layoutwidth=\dimen145
\Gm@layoutheight=\dimen146
\Gm@layouthoffset=\dimen147
\Gm@layoutvoffset=\dimen148
\Gm@dimlist=\toks17

(C:\Users\User\AppData\Local\Programs\MiKTeX\tex/latex/geometry\geometry.cfg))
(C:\Users\User\AppData\Local\Programs\MiKTeX\tex/latex/tools\multicol.sty
Package: multicol 2021/11/30 v1.9d multicolumn formatting (FMi)
\c@tracingmulticols=\count196
\mult@box=\box51
\multicol@leftmargin=\dimen149
\c@unbalance=\count197
\c@collectmore=\count198
\doublecol@number=\count199
\multicoltolerance=\count266
\multicolpretolerance=\count267
\full@width=\dimen150
\page@free=\dimen151
\premulticols=\dimen152
\postmulticols=\dimen153
\multicolsep=\skip50
\multicolbaselineskip=\skip51
\partial@page=\box52
\last@line=\box53
\maxbalancingoverflow=\dimen154
\mult@rightbox=\box54
\mult@grightbox=\box55
\mult@firstbox=\box56
\mult@gfirstbox=\box57
\@tempa=\box58
\@tempa=\box59
\@tempa=\box60
\@tempa=\box61
\@tempa=\box62
\@tempa=\box63
\@tempa=\box64
\@tempa=\box65
\@tempa=\box66
\@tempa=\box67
\@tempa=\box68
\@tempa=\box69
\@tempa=\box70
\@tempa=\box71
\@tempa=\box72
\@tempa=\box73
\@tempa=\box74
\@tempa=\box75
\@tempa=\box76
\@tempa=\box77
\@tempa=\box78
\@tempa=\box79
\@tempa=\box80
\@tempa=\box81
\@tempa=\box82
\@tempa=\box83
\@tempa=\box84
\@tempa=\box85
\@tempa=\box86
\@tempa=\box87
\@tempa=\box88
\@tempa=\box89
\@tempa=\box90
\@tempa=\box91
\@tempa=\box92
\@tempa=\box93
\c@minrows=\count268
\c@columnbadness=\count269
\c@finalcolumnbadness=\count270
\last@try=\dimen155
\multicolovershoot=\dimen156
\multicolundershoot=\dimen157
\mult@nat@firstbox=\box94
\colbreak@box=\box95
\mc@col@check@num=\count271
)
(C:\Users\User\AppData\Local\Programs\MiKTeX\tex/latex/fontsize\fontsize.sty
Package: fontsize 2021/08/04 v0.8.5 'fontsize' package. Set main font sizes (Iv
an Valbusa)

(C:\Users\User\AppData\Local\Programs\MiKTeX\tex/latex/xkeyval\xkeyval.sty
Package: xkeyval 2022/06/16 v2.9 package option processing (HA)

(C:\Users\User\AppData\Local\Programs\MiKTeX\tex/generic/xkeyval\xkeyval.tex
(C:\Users\User\AppData\Local\Programs\MiKTeX\tex/generic/xkeyval\xkvutils.tex
\XKV@toks=\toks18
\XKV@tempa@toks=\toks19
)
\XKV@depth=\count272
File: xkeyval.tex 2014/12/03 v2.7a key=value parser (HA)
)) (C:\Users\User\AppData\Local\Programs\MiKTeX\tex/latex/l3packages/xfp\xfp.st
y (C:\Users\User\AppData\Local\Programs\MiKTeX\tex/latex/l3kernel\expl3.sty
Package: expl3 2023-03-30 L3 programming layer (loader) 

(C:\Users\User\AppData\Local\Programs\MiKTeX\tex/latex/l3backend\l3backend-pdft
ex.def
File: l3backend-pdftex.def 2023-03-30 L3 backend support: PDF output (pdfTeX)
\l__color_backend_stack_int=\count273
\l__pdf_internal_box=\box96
))
Package: xfp 2023-02-02 L3 Floating point unit
))

LaTeX Font Warning: Font shape `OT1/cmr/m/n' in size <15> not available
(Font)              size <14.4> substituted on input line 5.

(C:\Users\User\AppData\Local\Programs\MiKTeX\tex/generic/babel\babel.sty
Package: babel 2023/03/28 3.87 The Babel package
\babel@savecnt=\count274
\U@D=\dimen158
\l@unhyphenated=\language79

(C:\Users\User\AppData\Local\Programs\MiKTeX\tex/generic/babel\txtbabel.def)
\bbl@readstream=\read2
\bbl@dirlevel=\count275

*************************************
* Local config file bblopts.cfg used
*
(C:\Users\User\AppData\Local\Programs\MiKTeX\tex/latex/arabi\bblopts.cfg
File: bblopts.cfg 2005/09/08 v0.1 add Arabic and Farsi to "declared" options of
 babel
)
(C:\Users\User\AppData\Local\Programs\MiKTeX\tex/latex/babel-russian\russianb.l
df
File: russianb.ldf 2021/01/10 1.3m Russian support for the Babel system
Language: russian 2020/09/09 1.3k Russian support for the Babel system


Package babel Warning: No Cyrillic font encoding has been loaded so far.
(babel)                A font encoding should be declared before babel.
(babel)                Default `T2A' encoding will be loaded  on input line 78.


(C:\Users\User\AppData\Local\Programs\MiKTeX\tex/latex/cyrillic\t2aenc.def
File: t2aenc.def 2022/06/11 v1.0j Cyrillic encoding definition file
Now handling font encoding T2A ...
... processing UTF-8 mapping file for font encoding T2A

(C:\Users\User\AppData\Local\Programs\MiKTeX\tex/latex/base\t2aenc.dfu
File: t2aenc.dfu 2022/06/07 v1.3c UTF-8 support
   defining Unicode char U+00A4 (decimal 164)
   defining Unicode char U+00A7 (decimal 167)
   defining Unicode char U+00AB (decimal 171)
   defining Unicode char U+00BB (decimal 187)
   defining Unicode char U+0131 (decimal 305)
   defining Unicode char U+0237 (decimal 567)
   defining Unicode char U+0400 (decimal 1024)
   defining Unicode char U+0401 (decimal 1025)
   defining Unicode char U+0402 (decimal 1026)
   defining Unicode char U+0403 (decimal 1027)
   defining Unicode char U+0404 (decimal 1028)
   defining Unicode char U+0405 (decimal 1029)
   defining Unicode char U+0406 (decimal 1030)
   defining Unicode char U+0407 (decimal 1031)
   defining Unicode char U+0408 (decimal 1032)
   defining Unicode char U+0409 (decimal 1033)
   defining Unicode char U+040A (decimal 1034)
   defining Unicode char U+040B (decimal 1035)
   defining Unicode char U+040C (decimal 1036)
   defining Unicode char U+040D (decimal 1037)
   defining Unicode char U+040E (decimal 1038)
   defining Unicode char U+040F (decimal 1039)
   defining Unicode char U+0410 (decimal 1040)
   defining Unicode char U+0411 (decimal 1041)
   defining Unicode char U+0412 (decimal 1042)
   defining Unicode char U+0413 (decimal 1043)
   defining Unicode char U+0414 (decimal 1044)
   defining Unicode char U+0415 (decimal 1045)
   defining Unicode char U+0416 (decimal 1046)
   defining Unicode char U+0417 (decimal 1047)
   defining Unicode char U+0418 (decimal 1048)
   defining Unicode char U+0419 (decimal 1049)
   defining Unicode char U+041A (decimal 1050)
   defining Unicode char U+041B (decimal 1051)
   defining Unicode char U+041C (decimal 1052)
   defining Unicode char U+041D (decimal 1053)
   defining Unicode char U+041E (decimal 1054)
   defining Unicode char U+041F (decimal 1055)
   defining Unicode char U+0420 (decimal 1056)
   defining Unicode char U+0421 (decimal 1057)
   defining Unicode char U+0422 (decimal 1058)
   defining Unicode char U+0423 (decimal 1059)
   defining Unicode char U+0424 (decimal 1060)
   defining Unicode char U+0425 (decimal 1061)
   defining Unicode char U+0426 (decimal 1062)
   defining Unicode char U+0427 (decimal 1063)
   defining Unicode char U+0428 (decimal 1064)
   defining Unicode char U+0429 (decimal 1065)
   defining Unicode char U+042A (decimal 1066)
   defining Unicode char U+042B (decimal 1067)
   defining Unicode char U+042C (decimal 1068)
   defining Unicode char U+042D (decimal 1069)
   defining Unicode char U+042E (decimal 1070)
   defining Unicode char U+042F (decimal 1071)
   defining Unicode char U+0430 (decimal 1072)
   defining Unicode char U+0431 (decimal 1073)
   defining Unicode char U+0432 (decimal 1074)
   defining Unicode char U+0433 (decimal 1075)
   defining Unicode char U+0434 (decimal 1076)
   defining Unicode char U+0435 (decimal 1077)
   defining Unicode char U+0436 (decimal 1078)
   defining Unicode char U+0437 (decimal 1079)
   defining Unicode char U+0438 (decimal 1080)
   defining Unicode char U+0439 (decimal 1081)
   defining Unicode char U+043A (decimal 1082)
   defining Unicode char U+043B (decimal 1083)
   defining Unicode char U+043C (decimal 1084)
   defining Unicode char U+043D (decimal 1085)
   defining Unicode char U+043E (decimal 1086)
   defining Unicode char U+043F (decimal 1087)
   defining Unicode char U+0440 (decimal 1088)
   defining Unicode char U+0441 (decimal 1089)
   defining Unicode char U+0442 (decimal 1090)
   defining Unicode char U+0443 (decimal 1091)
   defining Unicode char U+0444 (decimal 1092)
   defining Unicode char U+0445 (decimal 1093)
   defining Unicode char U+0446 (decimal 1094)
   defining Unicode char U+0447 (decimal 1095)
   defining Unicode char U+0448 (decimal 1096)
   defining Unicode char U+0449 (decimal 1097)
   defining Unicode char U+044A (decimal 1098)
   defining Unicode char U+044B (decimal 1099)
   defining Unicode char U+044C (decimal 1100)
   defining Unicode char U+044D (decimal 1101)
   defining Unicode char U+044E (decimal 1102)
   defining Unicode char U+044F (decimal 1103)
   defining Unicode char U+0450 (decimal 1104)
   defining Unicode char U+0451 (decimal 1105)
   defining Unicode char U+0452 (decimal 1106)
   defining Unicode char U+0453 (decimal 1107)
   defining Unicode char U+0454 (decimal 1108)
   defining Unicode char U+0455 (decimal 1109)
   defining Unicode char U+0456 (decimal 1110)
   defining Unicode char U+0457 (decimal 1111)
   defining Unicode char U+0458 (decimal 1112)
   defining Unicode char U+0459 (decimal 1113)
   defining Unicode char U+045A (decimal 1114)
   defining Unicode char U+045B (decimal 1115)
   defining Unicode char U+045C (decimal 1116)
   defining Unicode char U+045D (decimal 1117)
   defining Unicode char U+045E (decimal 1118)
   defining Unicode char U+045F (decimal 1119)
   defining Unicode char U+0490 (decimal 1168)
   defining Unicode char U+0491 (decimal 1169)
   defining Unicode char U+0492 (decimal 1170)
   defining Unicode char U+0493 (decimal 1171)
   defining Unicode char U+0496 (decimal 1174)
   defining Unicode char U+0497 (decimal 1175)
   defining Unicode char U+0498 (decimal 1176)
   defining Unicode char U+0499 (decimal 1177)
   defining Unicode char U+049A (decimal 1178)
   defining Unicode char U+049B (decimal 1179)
   defining Unicode char U+049C (decimal 1180)
   defining Unicode char U+049D (decimal 1181)
   defining Unicode char U+04A0 (decimal 1184)
   defining Unicode char U+04A1 (decimal 1185)
   defining Unicode char U+04A2 (decimal 1186)
   defining Unicode char U+04A3 (decimal 1187)
   defining Unicode char U+04A4 (decimal 1188)
   defining Unicode char U+04A5 (decimal 1189)
   defining Unicode char U+04AA (decimal 1194)
   defining Unicode char U+04AB (decimal 1195)
   defining Unicode char U+04AE (decimal 1198)
   defining Unicode char U+04AF (decimal 1199)
   defining Unicode char U+04B0 (decimal 1200)
   defining Unicode char U+04B1 (decimal 1201)
   defining Unicode char U+04B2 (decimal 1202)
   defining Unicode char U+04B3 (decimal 1203)
   defining Unicode char U+04B6 (decimal 1206)
   defining Unicode char U+04B7 (decimal 1207)
   defining Unicode char U+04B8 (decimal 1208)
   defining Unicode char U+04B9 (decimal 1209)
   defining Unicode char U+04BA (decimal 1210)
   defining Unicode char U+04BB (decimal 1211)
   defining Unicode char U+04C0 (decimal 1216)
   defining Unicode char U+04C1 (decimal 1217)
   defining Unicode char U+04C2 (decimal 1218)
   defining Unicode char U+04D0 (decimal 1232)
   defining Unicode char U+04D1 (decimal 1233)
   defining Unicode char U+04D2 (decimal 1234)
   defining Unicode char U+04D3 (decimal 1235)
   defining Unicode char U+04D4 (decimal 1236)
   defining Unicode char U+04D5 (decimal 1237)
   defining Unicode char U+04D6 (decimal 1238)
   defining Unicode char U+04D7 (decimal 1239)
   defining Unicode char U+04D8 (decimal 1240)
   defining Unicode char U+04D9 (decimal 1241)
   defining Unicode char U+04DA (decimal 1242)
   defining Unicode char U+04DB (decimal 1243)
   defining Unicode char U+04DC (decimal 1244)
   defining Unicode char U+04DD (decimal 1245)
   defining Unicode char U+04DE (decimal 1246)
   defining Unicode char U+04DF (decimal 1247)
   defining Unicode char U+04E2 (decimal 1250)
   defining Unicode char U+04E3 (decimal 1251)
   defining Unicode char U+04E4 (decimal 1252)
   defining Unicode char U+04E5 (decimal 1253)
   defining Unicode char U+04E6 (decimal 1254)
   defining Unicode char U+04E7 (decimal 1255)
   defining Unicode char U+04E8 (decimal 1256)
   defining Unicode char U+04E9 (decimal 1257)
   defining Unicode char U+04EC (decimal 1260)
   defining Unicode char U+04ED (decimal 1261)
   defining Unicode char U+04EE (decimal 1262)
   defining Unicode char U+04EF (decimal 1263)
   defining Unicode char U+04F0 (decimal 1264)
   defining Unicode char U+04F1 (decimal 1265)
   defining Unicode char U+04F2 (decimal 1266)
   defining Unicode char U+04F3 (decimal 1267)
   defining Unicode char U+04F4 (decimal 1268)
   defining Unicode char U+04F5 (decimal 1269)
   defining Unicode char U+04F8 (decimal 1272)
   defining Unicode char U+04F9 (decimal 1273)
   defining Unicode char U+200C (decimal 8204)
   defining Unicode char U+2013 (decimal 8211)
   defining Unicode char U+2014 (decimal 8212)
   defining Unicode char U+2018 (decimal 8216)
   defining Unicode char U+2019 (decimal 8217)
   defining Unicode char U+201C (decimal 8220)
   defining Unicode char U+201D (decimal 8221)
   defining Unicode char U+201E (decimal 8222)
   defining Unicode char U+2030 (decimal 8240)
   defining Unicode char U+2031 (decimal 8241)
   defining Unicode char U+2116 (decimal 8470)
   defining Unicode char U+2329 (decimal 9001)
   defining Unicode char U+3008 (decimal 12296)
   defining Unicode char U+232A (decimal 9002)
   defining Unicode char U+3009 (decimal 12297)
   defining Unicode char U+2423 (decimal 9251)
   defining Unicode char U+27E8 (decimal 10216)
   defining Unicode char U+27E9 (decimal 10217)
   defining Unicode char U+FB00 (decimal 64256)
   defining Unicode char U+FB01 (decimal 64257)
   defining Unicode char U+FB02 (decimal 64258)
   defining Unicode char U+FB03 (decimal 64259)
   defining Unicode char U+FB04 (decimal 64260)
   defining Unicode char U+FB05 (decimal 64261)
   defining Unicode char U+FB06 (decimal 64262)
))
Package babel Info: Making " an active character on input line 124.
Package babel Info: Default for \cyrdash is provided on input line 163.
))
(C:\Users\User\AppData\Local\Programs\MiKTeX\tex/generic/babel/locale/ru\babel-
russian.tex
Package babel Info: Importing font and identification data for russian
(babel)             from babel-ru.ini. Reported on input line 11.
)
No file 234.aux.
\openout1 = `234.aux'.

LaTeX Font Info:    Checking defaults for OML/cmm/m/it on input line 8.
LaTeX Font Info:    ... okay on input line 8.
LaTeX Font Info:    Checking defaults for OMS/cmsy/m/n on input line 8.
LaTeX Font Info:    ... okay on input line 8.
LaTeX Font Info:    Checking defaults for OT1/cmr/m/n on input line 8.
LaTeX Font Info:    ... okay on input line 8.
LaTeX Font Info:    Checking defaults for T1/cmr/m/n on input line 8.
LaTeX Font Info:    ... okay on input line 8.
LaTeX Font Info:    Checking defaults for TS1/cmr/m/n on input line 8.
LaTeX Font Info:    ... okay on input line 8.
LaTeX Font Info:    Checking defaults for OMX/cmex/m/n on input line 8.
LaTeX Font Info:    ... okay on input line 8.
LaTeX Font Info:    Checking defaults for U/cmr/m/n on input line 8.
LaTeX Font Info:    ... okay on input line 8.
LaTeX Font Info:    Checking defaults for T2A/cmr/m/n on input line 8.
LaTeX Font Info:    Trying to load font information for T2A+cmr on input line 8
.
(C:\Users\User\AppData\Local\Programs\MiKTeX\tex/latex/cyrillic\t2acmr.fd
File: t2acmr.fd 2001/08/11 v1.0a Computer Modern Cyrillic font definitions
)
LaTeX Font Info:    ... okay on input line 8.

*geometry* driver: auto-detecting
*geometry* detected driver: pdftex
*geometry* verbose mode - [ preamble ] result:
* driver: pdftex
* paper: custom
* layout: <same size as paper>
* layoutoffset:(h,v)=(0.0pt,0.0pt)
* modes: 
* h-part:(L,W,R)=(56.9055pt, 483.69687pt, 56.9055pt)
* v-part:(T,H,B)=(56.9055pt, 731.23584pt, 56.9055pt)
* \paperwidth=597.50787pt
* \paperheight=845.04684pt
* \textwidth=483.69687pt
* \textheight=731.23584pt
* \oddsidemargin=-15.36449pt
* \evensidemargin=-15.36449pt
* \topmargin=-52.36449pt
* \headheight=12.0pt
* \headsep=25.0pt
* \topskip=10.0pt
* \footskip=30.0pt
* \marginparwidth=65.0pt
* \marginparsep=11.0pt
* \columnsep=10.0pt
* \skip\footins=13.49995pt plus 5.99934pt minus 3.00063pt
* \hoffset=0.0pt
* \voffset=0.0pt
* \mag=1000
* \@twocolumnfalse
* \@twosidefalse
* \@mparswitchfalse
* \@reversemarginfalse
* (1in=72.27pt=25.4mm, 1cm=28.453pt)


LaTeX Font Warning: Font shape `T2A/cmr/m/n' in size <15> not available
(Font)              size <14.4> substituted on input line 8.

LaTeX Info: Redefining \th on input line 8.

LaTeX Font Warning: Font shape `T2A/cmr/m/n' in size <17.99995> not available
(Font)              size <17.28> substituted on input line 10.


LaTeX Font Warning: Font shape `T2A/cmr/m/it' in size <17.99995> not available
(Font)              size <17.28> substituted on input line 10.

LaTeX Font Info:    Calculating math sizes for size <15> on input line 12.

LaTeX Font Warning: Font shape `OT1/cmr/m/n' in size <10.49995> not available
(Font)              size <10.95> substituted on input line 12.


LaTeX Font Warning: Font shape `OT1/cmr/m/n' in size <7.5> not available
(Font)              size <7> substituted on input line 12.


LaTeX Font Warning: Font shape `OML/cmm/m/it' in size <15> not available
(Font)              size <14.4> substituted on input line 12.


LaTeX Font Warning: Font shape `OML/cmm/m/it' in size <10.49995> not available
(Font)              size <10.95> substituted on input line 12.


LaTeX Font Warning: Font shape `OML/cmm/m/it' in size <7.5> not available
(Font)              size <7> substituted on input line 12.


LaTeX Font Warning: Font shape `OMS/cmsy/m/n' in size <15> not available
(Font)              size <14.4> substituted on input line 12.


LaTeX Font Warning: Font shape `OMS/cmsy/m/n' in size <10.49995> not available
(Font)              size <10.95> substituted on input line 12.


LaTeX Font Warning: Font shape `OMS/cmsy/m/n' in size <7.5> not available
(Font)              size <7> substituted on input line 12.

LaTeX Font Info:    External font `cmex10' loaded for size
(Font)              <15> on input line 12.
LaTeX Font Info:    External font `cmex10' loaded for size
(Font)              <10.49995> on input line 12.
LaTeX Font Info:    External font `cmex10' loaded for size
(Font)              <7.5> on input line 12.

Underfull \hbox (badness 5939) in paragraph at lines 12--12
[]\T2A/cmr/m/n/14.4 1)$         \OT1/cmr/m/n/14.4 9\OML/cmm/m/it/14.4 :\OT1/cmr
/m/n/14.4 40933703872603\OML/cmm/m/it/14.4 e \OT1/cmr/m/n/14.4 + 31 +
 []


Underfull \hbox (badness 5939) in paragraph at lines 13--13
[]\T2A/cmr/m/n/14.4 2)$         \OT1/cmr/m/n/14.4 3\OML/cmm/m/it/14.4 :\OT1/cmr
/m/n/14.4 62451353243038\OML/cmm/m/it/14.4 e \OT1/cmr/m/n/14.4 + 31 +
 []


Underfull \hbox (badness 5939) in paragraph at lines 14--14
[]\T2A/cmr/m/n/14.4 3)$         \OT1/cmr/m/n/14.4 8\OML/cmm/m/it/14.4 :\OT1/cmr
/m/n/14.4 05193721873062\OML/cmm/m/it/14.4 e \OT1/cmr/m/n/14.4 + 31 +
 []


Underfull \hbox (badness 10000) in paragraph at lines 44--44
[]\T2A/cmr/m/n/14.4 33)$       \OT1/cmr/m/n/14.4 9\OML/cmm/m/it/14.4 :\OT1/cmr/
m/n/14.4 0104403132272\OML/cmm/m/it/14.4 e \OT1/cmr/m/n/14.4 + 31 +
 []

[1

{C:/Users/User/AppData/Local/MiKTeX/fonts/map/pdftex/pdftex.map}]
Underfull \hbox (badness 10000) in paragraph at lines 57--57
[]\T2A/cmr/m/n/14.4 46)$       \OT1/cmr/m/n/14.4 8\OML/cmm/m/it/14.4 :\OT1/cmr/
m/n/14.4 9207943633611\OML/cmm/m/it/14.4 e \OT1/cmr/m/n/14.4 + 31 +
 []

[2] [3] [4] [5] [6] [7] [8] [9] [10]
Underfull \hbox (badness 10000) in paragraph at lines 424--424
[]\T2A/cmr/m/n/14.4 413)$     \OT1/cmr/m/n/14.4 9\OML/cmm/m/it/14.4 :\OT1/cmr/m
/n/14.4 6001214197277\OML/cmm/m/it/14.4 e \OT1/cmr/m/n/14.4 + 31 +
 []

[11] [12]
Underfull \hbox (badness 10000) in paragraph at lines 513--513
[]\T2A/cmr/m/n/14.4 502)$     \OT1/cmr/m/n/14.4 3\OML/cmm/m/it/14.4 :\OT1/cmr/m
/n/14.4 396379304623\OML/cmm/m/it/14.4 e \OT1/cmr/m/n/14.4 + 31 +
 []

[13] [14]
Underfull \hbox (badness 10000) in paragraph at lines 587--587
[]\T2A/cmr/m/n/14.4 576)$     \OT1/cmr/m/n/14.4 9\OML/cmm/m/it/14.4 :\OT1/cmr/m
/n/14.4 203895462576\OML/cmm/m/it/14.4 e \OT1/cmr/m/n/14.4 + 31 +
 []

[15]
Underfull \hbox (badness 10000) in paragraph at lines 614--614
[]\T2A/cmr/m/n/14.4 603)$     \OT1/cmr/m/n/14.4 8\OML/cmm/m/it/14.4 :\OT1/cmr/m
/n/14.4 7862444397748\OML/cmm/m/it/14.4 e \OT1/cmr/m/n/14.4 + 31 +
 []

[16] [17] [18] [19] [20]
Underfull \hbox (badness 10000) in paragraph at lines 815--815
[]\T2A/cmr/m/n/14.4 804)$     \OT1/cmr/m/n/14.4 1\OML/cmm/m/it/14.4 :\OT1/cmr/m
/n/14.4 5904242041417\OML/cmm/m/it/14.4 e \OT1/cmr/m/n/14.4 + 31 +
 []

[21] [22]
Underfull \hbox (badness 10000) in paragraph at lines 897--897
[]\T2A/cmr/m/n/14.4 886)$     \OT1/cmr/m/n/14.4 7\OML/cmm/m/it/14.4 :\OT1/cmr/m
/n/14.4 6105185201145\OML/cmm/m/it/14.4 e \OT1/cmr/m/n/14.4 + 31 +
 []

[23] [24] [25]
Underfull \hbox (badness 6825) in paragraph at lines 1042--1042
[]\T2A/cmr/m/n/14.4 1031)$   \OT1/cmr/m/n/14.4 5\OML/cmm/m/it/14.4 :\OT1/cmr/m/
n/14.4 7006524711316\OML/cmm/m/it/14.4 e \OT1/cmr/m/n/14.4 + 31 +
 []

[26]
Underfull \hbox (badness 6825) in paragraph at lines 1058--1058
[]\T2A/cmr/m/n/14.4 1047)$   \OT1/cmr/m/n/14.4 9\OML/cmm/m/it/14.4 :\OT1/cmr/m/
n/14.4 9340622630106\OML/cmm/m/it/14.4 e \OT1/cmr/m/n/14.4 + 31 +
 []


Underfull \hbox (badness 6825) in paragraph at lines 1080--1080
[]\T2A/cmr/m/n/14.4 1069)$   \OT1/cmr/m/n/14.4 2\OML/cmm/m/it/14.4 :\OT1/cmr/m/
n/14.4 8878331492829\OML/cmm/m/it/14.4 e \OT1/cmr/m/n/14.4 + 31 +
 []

[27] [28] [29]
Underfull \hbox (badness 6825) in paragraph at lines 1180--1180
[]\T2A/cmr/m/n/14.4 1169)$   \OT1/cmr/m/n/14.4 4\OML/cmm/m/it/14.4 :\OT1/cmr/m/
n/14.4 6263321384939\OML/cmm/m/it/14.4 e \OT1/cmr/m/n/14.4 + 31 +
 []


Underfull \hbox (badness 6825) in paragraph at lines 1181--1181
[]\T2A/cmr/m/n/14.4 1170)$   \OT1/cmr/m/n/14.4 5\OML/cmm/m/it/14.4 :\OT1/cmr/m/
n/14.4 5482136562336\OML/cmm/m/it/14.4 e \OT1/cmr/m/n/14.4 + 31 +
 []

[30]
Underfull \hbox (badness 6825) in paragraph at lines 1237--1237
[]\T2A/cmr/m/n/14.4 1226)$   \OT1/cmr/m/n/14.4 5\OML/cmm/m/it/14.4 :\OT1/cmr/m/
n/14.4 2894294704309\OML/cmm/m/it/14.4 e \OT1/cmr/m/n/14.4 + 31 +
 []

[31] [32]
Underfull \hbox (badness 6825) in paragraph at lines 1297--1297
[]\T2A/cmr/m/n/14.4 1286)$   \OT1/cmr/m/n/14.4 6\OML/cmm/m/it/14.4 :\OT1/cmr/m/
n/14.4 9994815631631\OML/cmm/m/it/14.4 e \OT1/cmr/m/n/14.4 + 31 +
 []


Underfull \hbox (badness 10000) in paragraph at lines 1315--1315
[]\T2A/cmr/m/n/14.4 1304)$   \OT1/cmr/m/n/14.4 5\OML/cmm/m/it/14.4 :\OT1/cmr/m/
n/14.4 837210398869\OML/cmm/m/it/14.4 e \OT1/cmr/m/n/14.4 + 31 +
 []

[33] [34] [35]
Underfull \hbox (badness 6825) in paragraph at lines 1452--1452
[]\T2A/cmr/m/n/14.4 1441)$   \OT1/cmr/m/n/14.4 8\OML/cmm/m/it/14.4 :\OT1/cmr/m/
n/14.4 8524665042923\OML/cmm/m/it/14.4 e \OT1/cmr/m/n/14.4 + 31 +
 []

[36] [37] [38] [39] [40] [41]
Underfull \hbox (badness 6825) in paragraph at lines 1672--1672
[]\T2A/cmr/m/n/14.4 1661)$   \OT1/cmr/m/n/14.4 5\OML/cmm/m/it/14.4 :\OT1/cmr/m/
n/14.4 0315833286486\OML/cmm/m/it/14.4 e \OT1/cmr/m/n/14.4 + 31 +
 []

[42] [43]
Underfull \hbox (badness 10000) in paragraph at lines 1746--1746
[]\T2A/cmr/m/n/14.4 1735)$   \OT1/cmr/m/n/14.4 3\OML/cmm/m/it/14.4 :\OT1/cmr/m/
n/14.4 842093761795\OML/cmm/m/it/14.4 e \OT1/cmr/m/n/14.4 + 31 +
 []

[44] [45] [46] [47] [48]
Underfull \hbox (badness 6825) in paragraph at lines 1945--1945
[]\T2A/cmr/m/n/14.4 1934)$   \OT1/cmr/m/n/14.4 6\OML/cmm/m/it/14.4 :\OT1/cmr/m/
n/14.4 8428293541197\OML/cmm/m/it/14.4 e \OT1/cmr/m/n/14.4 + 31 +
 []


Underfull \hbox (badness 6825) in paragraph at lines 1966--1966
[]\T2A/cmr/m/n/14.4 1955)$   \OT1/cmr/m/n/14.4 1\OML/cmm/m/it/14.4 :\OT1/cmr/m/
n/14.4 6854365885772\OML/cmm/m/it/14.4 e \OT1/cmr/m/n/14.4 + 31 +
 []

[49] [50]
Underfull \hbox (badness 10000) in paragraph at lines 2027--2027
[]\T2A/cmr/m/n/14.4 2016)$   \OT1/cmr/m/n/14.4 9\OML/cmm/m/it/14.4 :\OT1/cmr/m/
n/14.4 811827967211\OML/cmm/m/it/14.4 e \OT1/cmr/m/n/14.4 + 31 +
 []

[51]
Underfull \hbox (badness 6825) in paragraph at lines 2057--2057
[]\T2A/cmr/m/n/14.4 2046)$   \OT1/cmr/m/n/14.4 8\OML/cmm/m/it/14.4 :\OT1/cmr/m/
n/14.4 6371723486168\OML/cmm/m/it/14.4 e \OT1/cmr/m/n/14.4 + 31 +
 []

[52] [53] [54]
Underfull \hbox (badness 6825) in paragraph at lines 2196--2196
[]\T2A/cmr/m/n/14.4 2185)$   \OT1/cmr/m/n/14.4 8\OML/cmm/m/it/14.4 :\OT1/cmr/m/
n/14.4 4939637101865\OML/cmm/m/it/14.4 e \OT1/cmr/m/n/14.4 + 31 +
 []


Underfull \hbox (badness 6825) in paragraph at lines 2203--2203
[]\T2A/cmr/m/n/14.4 2192)$   \OT1/cmr/m/n/14.4 9\OML/cmm/m/it/14.4 :\OT1/cmr/m/
n/14.4 4171434330142\OML/cmm/m/it/14.4 e \OT1/cmr/m/n/14.4 + 31 +
 []


Underfull \hbox (badness 6825) in paragraph at lines 2212--2212
[]\T2A/cmr/m/n/14.4 2201)$   \OT1/cmr/m/n/14.4 9\OML/cmm/m/it/14.4 :\OT1/cmr/m/
n/14.4 3162246926613\OML/cmm/m/it/14.4 e \OT1/cmr/m/n/14.4 + 31 +
 []

[55] [56] [57] [58]
Underfull \hbox (badness 6825) in paragraph at lines 2342--2342
[]\T2A/cmr/m/n/14.4 2331)$   \OT1/cmr/m/n/14.4 5\OML/cmm/m/it/14.4 :\OT1/cmr/m/
n/14.4 9707415260189\OML/cmm/m/it/14.4 e \OT1/cmr/m/n/14.4 + 31 +
 []


Underfull \hbox (badness 6825) in paragraph at lines 2358--2358
[]\T2A/cmr/m/n/14.4 2347)$   \OT1/cmr/m/n/14.4 8\OML/cmm/m/it/14.4 :\OT1/cmr/m/
n/14.4 5182428830185\OML/cmm/m/it/14.4 e \OT1/cmr/m/n/14.4 + 31 +
 []

[59]
Underfull \hbox (badness 6825) in paragraph at lines 2405--2405
[]\T2A/cmr/m/n/14.4 2394)$   \OT1/cmr/m/n/14.4 3\OML/cmm/m/it/14.4 :\OT1/cmr/m/
n/14.4 8709686943998\OML/cmm/m/it/14.4 e \OT1/cmr/m/n/14.4 + 31 +
 []

[60] [61] [62] [63]
Underfull \hbox (badness 6825) in paragraph at lines 2547--2547
[]\T2A/cmr/m/n/14.4 2536)$   \OT1/cmr/m/n/14.4 9\OML/cmm/m/it/14.4 :\OT1/cmr/m/
n/14.4 0068540265443\OML/cmm/m/it/14.4 e \OT1/cmr/m/n/14.4 + 31 +
 []

[64]
Underfull \hbox (badness 6825) in paragraph at lines 2602--2602
[]\T2A/cmr/m/n/14.4 2591)$   \OT1/cmr/m/n/14.4 7\OML/cmm/m/it/14.4 :\OT1/cmr/m/
n/14.4 9249343162422\OML/cmm/m/it/14.4 e \OT1/cmr/m/n/14.4 + 31 +
 []

[65] [66] [67] [68]
Underfull \hbox (badness 6825) in paragraph at lines 2767--2767
[]\T2A/cmr/m/n/14.4 2756)$   \OT1/cmr/m/n/14.4 7\OML/cmm/m/it/14.4 :\OT1/cmr/m/
n/14.4 9292525067814\OML/cmm/m/it/14.4 e \OT1/cmr/m/n/14.4 + 31 +
 []

[69]
Underfull \hbox (badness 6825) in paragraph at lines 2774--2774
[]\T2A/cmr/m/n/14.4 2763)$   \OT1/cmr/m/n/14.4 9\OML/cmm/m/it/14.4 :\OT1/cmr/m/
n/14.4 7114609503572\OML/cmm/m/it/14.4 e \OT1/cmr/m/n/14.4 + 31 +
 []


Underfull \hbox (badness 6825) in paragraph at lines 2776--2776
[]\T2A/cmr/m/n/14.4 2765)$   \OT1/cmr/m/n/14.4 3\OML/cmm/m/it/14.4 :\OT1/cmr/m/
n/14.4 4669927616493\OML/cmm/m/it/14.4 e \OT1/cmr/m/n/14.4 + 31 +
 []


Underfull \hbox (badness 6825) in paragraph at lines 2782--2782
[]\T2A/cmr/m/n/14.4 2771)$   \OT1/cmr/m/n/14.4 5\OML/cmm/m/it/14.4 :\OT1/cmr/m/
n/14.4 1991208134217\OML/cmm/m/it/14.4 e \OT1/cmr/m/n/14.4 + 31 +
 []

[70] [71] [72] [73] [74] [75]
Underfull \hbox (badness 10000) in paragraph at lines 3041--3041
[]\T2A/cmr/m/n/14.4 3030)$   \OT1/cmr/m/n/14.4 6\OML/cmm/m/it/14.4 :\OT1/cmr/m/
n/14.4 568530083268\OML/cmm/m/it/14.4 e \OT1/cmr/m/n/14.4 + 31 +
 []

[76] [77] [78] [79] [80] [81] [82]
Underfull \hbox (badness 6825) in paragraph at lines 3329--3329
[]\T2A/cmr/m/n/14.4 3318)$   \OT1/cmr/m/n/14.4 7\OML/cmm/m/it/14.4 :\OT1/cmr/m/
n/14.4 3659893880992\OML/cmm/m/it/14.4 e \OT1/cmr/m/n/14.4 + 31 +
 []

[83] [84] [85]
Underfull \hbox (badness 6825) in paragraph at lines 3449--3449
[]\T2A/cmr/m/n/14.4 3438)$   \OT1/cmr/m/n/14.4 6\OML/cmm/m/it/14.4 :\OT1/cmr/m/
n/14.4 8550273815058\OML/cmm/m/it/14.4 e \OT1/cmr/m/n/14.4 + 31 +
 []

[86] [87] [88] [89] [90] [91]
Underfull \hbox (badness 6825) in paragraph at lines 3657--3657
[]\T2A/cmr/m/n/14.4 3646)$   \OT1/cmr/m/n/14.4 7\OML/cmm/m/it/14.4 :\OT1/cmr/m/
n/14.4 0346683776854\OML/cmm/m/it/14.4 e \OT1/cmr/m/n/14.4 + 31 +
 []

[92] [93] [94] [95] [96] [97]
Underfull \hbox (badness 6825) in paragraph at lines 3926--3926
[]\T2A/cmr/m/n/14.4 3915)$   \OT1/cmr/m/n/14.4 8\OML/cmm/m/it/14.4 :\OT1/cmr/m/
n/14.4 8052743578311\OML/cmm/m/it/14.4 e \OT1/cmr/m/n/14.4 + 31 +
 []

[98]
Underfull \hbox (badness 10000) in paragraph at lines 3943--3943
[]\T2A/cmr/m/n/14.4 3932)$   \OT1/cmr/m/n/14.4 8\OML/cmm/m/it/14.4 :\OT1/cmr/m/
n/14.4 293833112973\OML/cmm/m/it/14.4 e \OT1/cmr/m/n/14.4 + 31 +
 []


Underfull \hbox (badness 10000) in paragraph at lines 3960--3960
[]\T2A/cmr/m/n/14.4 3949)$   \OT1/cmr/m/n/14.4 1\OML/cmm/m/it/14.4 :\OT1/cmr/m/
n/14.4 503422988045\OML/cmm/m/it/14.4 e \OT1/cmr/m/n/14.4 + 31 +
 []

[99] [100] [101]
Underfull \hbox (badness 6825) in paragraph at lines 4086--4086
[]\T2A/cmr/m/n/14.4 4075)$   \OT1/cmr/m/n/14.4 6\OML/cmm/m/it/14.4 :\OT1/cmr/m/
n/14.4 9041141355209\OML/cmm/m/it/14.4 e \OT1/cmr/m/n/14.4 + 31 +
 []

[102] [103] [104] [105]
Underfull \hbox (badness 6825) in paragraph at lines 4244--4244
[]\T2A/cmr/m/n/14.4 4233)$   \OT1/cmr/m/n/14.4 8\OML/cmm/m/it/14.4 :\OT1/cmr/m/
n/14.4 3681134027524\OML/cmm/m/it/14.4 e \OT1/cmr/m/n/14.4 + 31 +
 []

[106] [107] [108]
Underfull \hbox (badness 6825) in paragraph at lines 4346--4346
[]\T2A/cmr/m/n/14.4 4335)$   \OT1/cmr/m/n/14.4 9\OML/cmm/m/it/14.4 :\OT1/cmr/m/
n/14.4 3342759905144\OML/cmm/m/it/14.4 e \OT1/cmr/m/n/14.4 + 31 +
 []

[109]
Underfull \hbox (badness 6825) in paragraph at lines 4406--4406
[]\T2A/cmr/m/n/14.4 4395)$   \OT1/cmr/m/n/14.4 9\OML/cmm/m/it/14.4 :\OT1/cmr/m/
n/14.4 5911835628765\OML/cmm/m/it/14.4 e \OT1/cmr/m/n/14.4 + 31 +
 []

[110] [111]
Underfull \hbox (badness 6825) in paragraph at lines 4483--4483
[]\T2A/cmr/m/n/14.4 4472)$   \OT1/cmr/m/n/14.4 5\OML/cmm/m/it/14.4 :\OT1/cmr/m/
n/14.4 9675229290734\OML/cmm/m/it/14.4 e \OT1/cmr/m/n/14.4 + 31 +
 []

[112]
Underfull \hbox (badness 6825) in paragraph at lines 4499--4499
[]\T2A/cmr/m/n/14.4 4488)$   \OT1/cmr/m/n/14.4 3\OML/cmm/m/it/14.4 :\OT1/cmr/m/
n/14.4 3361303351509\OML/cmm/m/it/14.4 e \OT1/cmr/m/n/14.4 + 31 +
 []


Underfull \hbox (badness 6825) in paragraph at lines 4508--4508
[]\T2A/cmr/m/n/14.4 4497)$   \OT1/cmr/m/n/14.4 6\OML/cmm/m/it/14.4 :\OT1/cmr/m/
n/14.4 0590364422394\OML/cmm/m/it/14.4 e \OT1/cmr/m/n/14.4 + 31 +
 []

[113] [114] [115]
Underfull \hbox (badness 6825) in paragraph at lines 4645--4645
[]\T2A/cmr/m/n/14.4 4634)$   \OT1/cmr/m/n/14.4 6\OML/cmm/m/it/14.4 :\OT1/cmr/m/
n/14.4 2396248338112\OML/cmm/m/it/14.4 e \OT1/cmr/m/n/14.4 + 31 +
 []

[116] [117]
Underfull \hbox (badness 6825) in paragraph at lines 4693--4693
[]\T2A/cmr/m/n/14.4 4682)$   \OT1/cmr/m/n/14.4 6\OML/cmm/m/it/14.4 :\OT1/cmr/m/
n/14.4 3950846917676\OML/cmm/m/it/14.4 e \OT1/cmr/m/n/14.4 + 31 +
 []

[118] [119]
Underfull \hbox (badness 6825) in paragraph at lines 4783--4783
[]\T2A/cmr/m/n/14.4 4772)$   \OT1/cmr/m/n/14.4 5\OML/cmm/m/it/14.4 :\OT1/cmr/m/
n/14.4 7345643499414\OML/cmm/m/it/14.4 e \OT1/cmr/m/n/14.4 + 31 +
 []

[120] [121] [122] [123]
Underfull \hbox (badness 6825) in paragraph at lines 4938--4938
[]\T2A/cmr/m/n/14.4 4927)$   \OT1/cmr/m/n/14.4 8\OML/cmm/m/it/14.4 :\OT1/cmr/m/
n/14.4 4234888970262\OML/cmm/m/it/14.4 e \OT1/cmr/m/n/14.4 + 31 +
 []

[124] [125]
Underfull \hbox (badness 6825) in paragraph at lines 5042--5042
[]\T2A/cmr/m/n/14.4 5031)$   \OT1/cmr/m/n/14.4 5\OML/cmm/m/it/14.4 :\OT1/cmr/m/
n/14.4 4350313727749\OML/cmm/m/it/14.4 e \OT1/cmr/m/n/14.4 + 31 +
 []

[126]
Underfull \hbox (badness 6825) in paragraph at lines 5078--5078
[]\T2A/cmr/m/n/14.4 5067)$   \OT1/cmr/m/n/14.4 8\OML/cmm/m/it/14.4 :\OT1/cmr/m/
n/14.4 9378955610749\OML/cmm/m/it/14.4 e \OT1/cmr/m/n/14.4 + 31 +
 []

[127] [128] [129]
Underfull \hbox (badness 6825) in paragraph at lines 5189--5189
[]\T2A/cmr/m/n/14.4 5178)$   \OT1/cmr/m/n/14.4 9\OML/cmm/m/it/14.4 :\OT1/cmr/m/
n/14.4 8170773525323\OML/cmm/m/it/14.4 e \OT1/cmr/m/n/14.4 + 31 +
 []

[130]
Underfull \hbox (badness 6825) in paragraph at lines 5222--5222
[]\T2A/cmr/m/n/14.4 5211)$   \OT1/cmr/m/n/14.4 8\OML/cmm/m/it/14.4 :\OT1/cmr/m/
n/14.4 7806553033076\OML/cmm/m/it/14.4 e \OT1/cmr/m/n/14.4 + 31 +
 []

[131] [132] [133] [134]
Underfull \hbox (badness 6825) in paragraph at lines 5380--5380
[]\T2A/cmr/m/n/14.4 5369)$   \OT1/cmr/m/n/14.4 9\OML/cmm/m/it/14.4 :\OT1/cmr/m/
n/14.4 1368608298187\OML/cmm/m/it/14.4 e \OT1/cmr/m/n/14.4 + 31 +
 []

[135] [136] [137] [138] [139]
Underfull \hbox (badness 6825) in paragraph at lines 5612--5612
[]\T2A/cmr/m/n/14.4 5601)$   \OT1/cmr/m/n/14.4 8\OML/cmm/m/it/14.4 :\OT1/cmr/m/
n/14.4 7115645836016\OML/cmm/m/it/14.4 e \OT1/cmr/m/n/14.4 + 31 +
 []

[140] [141]
Underfull \hbox (badness 10000) in paragraph at lines 5682--5682
[]\T2A/cmr/m/n/14.4 5671)$   \OT1/cmr/m/n/14.4 9\OML/cmm/m/it/14.4 :\OT1/cmr/m/
n/14.4 760783564346\OML/cmm/m/it/14.4 e \OT1/cmr/m/n/14.4 + 31 +
 []

[142]
Underfull \hbox (badness 6825) in paragraph at lines 5710--5710
[]\T2A/cmr/m/n/14.4 5699)$   \OT1/cmr/m/n/14.4 7\OML/cmm/m/it/14.4 :\OT1/cmr/m/
n/14.4 4126244680702\OML/cmm/m/it/14.4 e \OT1/cmr/m/n/14.4 + 31 +
 []

[143] [144]
Underfull \hbox (badness 6825) in paragraph at lines 5803--5803
[]\T2A/cmr/m/n/14.4 5792)$   \OT1/cmr/m/n/14.4 9\OML/cmm/m/it/14.4 :\OT1/cmr/m/
n/14.4 7290105264696\OML/cmm/m/it/14.4 e \OT1/cmr/m/n/14.4 + 31 +
 []

[145] [146]
Underfull \hbox (badness 6825) in paragraph at lines 5865--5865
[]\T2A/cmr/m/n/14.4 5854)$   \OT1/cmr/m/n/14.4 9\OML/cmm/m/it/14.4 :\OT1/cmr/m/
n/14.4 0480344722572\OML/cmm/m/it/14.4 e \OT1/cmr/m/n/14.4 + 31 +
 []

[147] [148] [149] [150] [151]
Underfull \hbox (badness 6825) in paragraph at lines 6088--6088
[]\T2A/cmr/m/n/14.4 6077)$   \OT1/cmr/m/n/14.4 8\OML/cmm/m/it/14.4 :\OT1/cmr/m/
n/14.4 2520906428823\OML/cmm/m/it/14.4 e \OT1/cmr/m/n/14.4 + 31 +
 []


Underfull \hbox (badness 6825) in paragraph at lines 6091--6091
[]\T2A/cmr/m/n/14.4 6080)$   \OT1/cmr/m/n/14.4 6\OML/cmm/m/it/14.4 :\OT1/cmr/m/
n/14.4 3964807833913\OML/cmm/m/it/14.4 e \OT1/cmr/m/n/14.4 + 31 +
 []

[152]
Underfull \hbox (badness 6825) in paragraph at lines 6118--6118
[]\T2A/cmr/m/n/14.4 6107)$   \OT1/cmr/m/n/14.4 5\OML/cmm/m/it/14.4 :\OT1/cmr/m/
n/14.4 2607211001449\OML/cmm/m/it/14.4 e \OT1/cmr/m/n/14.4 + 31 +
 []

[153]
Underfull \hbox (badness 10000) in paragraph at lines 6153--6153
[]\T2A/cmr/m/n/14.4 6142)$   \OT1/cmr/m/n/14.4 4\OML/cmm/m/it/14.4 :\OT1/cmr/m/
n/14.4 282679399946\OML/cmm/m/it/14.4 e \OT1/cmr/m/n/14.4 + 31 +
 []

[154] [155]
Underfull \hbox (badness 6825) in paragraph at lines 6250--6250
[]\T2A/cmr/m/n/14.4 6239)$   \OT1/cmr/m/n/14.4 6\OML/cmm/m/it/14.4 :\OT1/cmr/m/
n/14.4 0103046708992\OML/cmm/m/it/14.4 e \OT1/cmr/m/n/14.4 + 31 +
 []

[156] [157] [158] [159] [160] [161] [162] [163]
Underfull \hbox (badness 6825) in paragraph at lines 6559--6559
[]\T2A/cmr/m/n/14.4 6548)$   \OT1/cmr/m/n/14.4 9\OML/cmm/m/it/14.4 :\OT1/cmr/m/
n/14.4 6900769611757\OML/cmm/m/it/14.4 e \OT1/cmr/m/n/14.4 + 31 +
 []

[164] [165] [166] [167] [168] [169] [170]
Underfull \hbox (badness 6825) in paragraph at lines 6832--6832
[]\T2A/cmr/m/n/14.4 6821)$   \OT1/cmr/m/n/14.4 6\OML/cmm/m/it/14.4 :\OT1/cmr/m/
n/14.4 2057012609693\OML/cmm/m/it/14.4 e \OT1/cmr/m/n/14.4 + 31 +
 []

[171] [172] [173]
Underfull \hbox (badness 6825) in paragraph at lines 6939--6939
[]\T2A/cmr/m/n/14.4 6928)$   \OT1/cmr/m/n/14.4 4\OML/cmm/m/it/14.4 :\OT1/cmr/m/
n/14.4 8751441646253\OML/cmm/m/it/14.4 e \OT1/cmr/m/n/14.4 + 31 +
 []

[174]
Underfull \hbox (badness 6825) in paragraph at lines 7010--7010
[]\T2A/cmr/m/n/14.4 6999)$   \OT1/cmr/m/n/14.4 4\OML/cmm/m/it/14.4 :\OT1/cmr/m/
n/14.4 0565037474534\OML/cmm/m/it/14.4 e \OT1/cmr/m/n/14.4 + 31 +
 []

[175] [176]
Underfull \hbox (badness 6825) in paragraph at lines 7070--7070
[]\T2A/cmr/m/n/14.4 7059)$   \OT1/cmr/m/n/14.4 5\OML/cmm/m/it/14.4 :\OT1/cmr/m/
n/14.4 6878314266228\OML/cmm/m/it/14.4 e \OT1/cmr/m/n/14.4 + 31 +
 []

[177]
Underfull \hbox (badness 10000) in paragraph at lines 7111--7111
[]\T2A/cmr/m/n/14.4 7100)$   \OT1/cmr/m/n/14.4 9\OML/cmm/m/it/14.4 :\OT1/cmr/m/
n/14.4 608876842569\OML/cmm/m/it/14.4 e \OT1/cmr/m/n/14.4 + 31 +
 []


Underfull \hbox (badness 6825) in paragraph at lines 7120--7120
[]\T2A/cmr/m/n/14.4 7109)$   \OT1/cmr/m/n/14.4 8\OML/cmm/m/it/14.4 :\OT1/cmr/m/
n/14.4 9816071191593\OML/cmm/m/it/14.4 e \OT1/cmr/m/n/14.4 + 31 +
 []

[178] [179] [180] [181] [182]
Underfull \hbox (badness 6825) in paragraph at lines 7303--7303
[]\T2A/cmr/m/n/14.4 7292)$   \OT1/cmr/m/n/14.4 4\OML/cmm/m/it/14.4 :\OT1/cmr/m/
n/14.4 7351046625948\OML/cmm/m/it/14.4 e \OT1/cmr/m/n/14.4 + 31 +
 []

[183] [184] [185] [186] [187] [188]
Underfull \hbox (badness 6825) in paragraph at lines 7541--7541
[]\T2A/cmr/m/n/14.4 7530)$   \OT1/cmr/m/n/14.4 7\OML/cmm/m/it/14.4 :\OT1/cmr/m/
n/14.4 2174292058094\OML/cmm/m/it/14.4 e \OT1/cmr/m/n/14.4 + 31 +
 []


Underfull \hbox (badness 6825) in paragraph at lines 7559--7559
[]\T2A/cmr/m/n/14.4 7548)$   \OT1/cmr/m/n/14.4 9\OML/cmm/m/it/14.4 :\OT1/cmr/m/
n/14.4 4693756455165\OML/cmm/m/it/14.4 e \OT1/cmr/m/n/14.4 + 31 +
 []

[189] [190] [191]
Underfull \hbox (badness 6825) in paragraph at lines 7673--7673
[]\T2A/cmr/m/n/14.4 7662)$   \OT1/cmr/m/n/14.4 8\OML/cmm/m/it/14.4 :\OT1/cmr/m/
n/14.4 4325225556941\OML/cmm/m/it/14.4 e \OT1/cmr/m/n/14.4 + 31 +
 []

[192] [193] [194] [195]
Underfull \hbox (badness 6825) in paragraph at lines 7826--7826
[]\T2A/cmr/m/n/14.4 7815)$   \OT1/cmr/m/n/14.4 8\OML/cmm/m/it/14.4 :\OT1/cmr/m/
n/14.4 9130961048177\OML/cmm/m/it/14.4 e \OT1/cmr/m/n/14.4 + 31 +
 []

[196] [197] [198]
Underfull \hbox (badness 6825) in paragraph at lines 7939--7939
[]\T2A/cmr/m/n/14.4 7928)$   \OT1/cmr/m/n/14.4 3\OML/cmm/m/it/14.4 :\OT1/cmr/m/
n/14.4 3797049795883\OML/cmm/m/it/14.4 e \OT1/cmr/m/n/14.4 + 31 +
 []

[199]
Underfull \hbox (badness 6825) in paragraph at lines 7985--7985
[]\T2A/cmr/m/n/14.4 7974)$   \OT1/cmr/m/n/14.4 5\OML/cmm/m/it/14.4 :\OT1/cmr/m/
n/14.4 3609472483714\OML/cmm/m/it/14.4 e \OT1/cmr/m/n/14.4 + 31 +
 []

[200] [201] [202]
Underfull \hbox (badness 6825) in paragraph at lines 8122--8122
[]\T2A/cmr/m/n/14.4 8111)$   \OT1/cmr/m/n/14.4 9\OML/cmm/m/it/14.4 :\OT1/cmr/m/
n/14.4 2068376260764\OML/cmm/m/it/14.4 e \OT1/cmr/m/n/14.4 + 31 +
 []

[203]
Underfull \hbox (badness 6825) in paragraph at lines 8158--8158
[]\T2A/cmr/m/n/14.4 8147)$   \OT1/cmr/m/n/14.4 6\OML/cmm/m/it/14.4 :\OT1/cmr/m/
n/14.4 6394290954488\OML/cmm/m/it/14.4 e \OT1/cmr/m/n/14.4 + 31 +
 []

[204]
Underfull \hbox (badness 6825) in paragraph at lines 8204--8204
[]\T2A/cmr/m/n/14.4 8193)$   \OT1/cmr/m/n/14.4 8\OML/cmm/m/it/14.4 :\OT1/cmr/m/
n/14.4 6908128549425\OML/cmm/m/it/14.4 e \OT1/cmr/m/n/14.4 + 31 +
 []

[205] [206] [207] [208] [209] [210] [211] [212] [213] [214]
Underfull \hbox (badness 6825) in paragraph at lines 8574--8574
[]\T2A/cmr/m/n/14.4 8563)$   \OT1/cmr/m/n/14.4 4\OML/cmm/m/it/14.4 :\OT1/cmr/m/
n/14.4 9455283593037\OML/cmm/m/it/14.4 e \OT1/cmr/m/n/14.4 + 31 +
 []

[215]
Underfull \hbox (badness 6825) in paragraph at lines 8615--8615
[]\T2A/cmr/m/n/14.4 8604)$   \OT1/cmr/m/n/14.4 8\OML/cmm/m/it/14.4 :\OT1/cmr/m/
n/14.4 9630136174499\OML/cmm/m/it/14.4 e \OT1/cmr/m/n/14.4 + 31 +
 []


Underfull \hbox (badness 10000) in paragraph at lines 8631--8631
[]\T2A/cmr/m/n/14.4 8620)$   \OT1/cmr/m/n/14.4 9\OML/cmm/m/it/14.4 :\OT1/cmr/m/
n/14.4 5197542209\OML/cmm/m/it/14.4 e \OT1/cmr/m/n/14.4 + 31 +
 []

[216]
Underfull \hbox (badness 6825) in paragraph at lines 8664--8664
[]\T2A/cmr/m/n/14.4 8653)$   \OT1/cmr/m/n/14.4 9\OML/cmm/m/it/14.4 :\OT1/cmr/m/
n/14.4 1773841075107\OML/cmm/m/it/14.4 e \OT1/cmr/m/n/14.4 + 31 +
 []

[217] [218] [219] [220] [221] [222]
Underfull \hbox (badness 6825) in paragraph at lines 8930--8930
[]\T2A/cmr/m/n/14.4 8919)$   \OT1/cmr/m/n/14.4 5\OML/cmm/m/it/14.4 :\OT1/cmr/m/
n/14.4 7570974508385\OML/cmm/m/it/14.4 e \OT1/cmr/m/n/14.4 + 31 +
 []

[223] [224]
Underfull \hbox (badness 6825) in paragraph at lines 8973--8973
[]\T2A/cmr/m/n/14.4 8962)$   \OT1/cmr/m/n/14.4 6\OML/cmm/m/it/14.4 :\OT1/cmr/m/
n/14.4 5581763311822\OML/cmm/m/it/14.4 e \OT1/cmr/m/n/14.4 + 31 +
 []


Underfull \hbox (badness 6825) in paragraph at lines 8983--8983
[]\T2A/cmr/m/n/14.4 8972)$   \OT1/cmr/m/n/14.4 7\OML/cmm/m/it/14.4 :\OT1/cmr/m/
n/14.4 7733767614278\OML/cmm/m/it/14.4 e \OT1/cmr/m/n/14.4 + 31 +
 []

[225] [226] [227] [228] [229] [230]
Underfull \hbox (badness 6825) in paragraph at lines 9224--9224
[]\T2A/cmr/m/n/14.4 9213)$   \OT1/cmr/m/n/14.4 9\OML/cmm/m/it/14.4 :\OT1/cmr/m/
n/14.4 6766585855802\OML/cmm/m/it/14.4 e \OT1/cmr/m/n/14.4 + 31 +
 []


Underfull \hbox (badness 6825) in paragraph at lines 9232--9232
[]\T2A/cmr/m/n/14.4 9221)$   \OT1/cmr/m/n/14.4 4\OML/cmm/m/it/14.4 :\OT1/cmr/m/
n/14.4 4607038571417\OML/cmm/m/it/14.4 e \OT1/cmr/m/n/14.4 + 31 +
 []

[231] [232] [233]
Underfull \hbox (badness 6825) in paragraph at lines 9342--9342
[]\T2A/cmr/m/n/14.4 9331)$   \OT1/cmr/m/n/14.4 5\OML/cmm/m/it/14.4 :\OT1/cmr/m/
n/14.4 1605939115728\OML/cmm/m/it/14.4 e \OT1/cmr/m/n/14.4 + 31 +
 []

[234] [235] [236] [237] [238] [239] [240] [241]
Underfull \hbox (badness 6825) in paragraph at lines 9679--9679
[]\T2A/cmr/m/n/14.4 9668)$   \OT1/cmr/m/n/14.4 4\OML/cmm/m/it/14.4 :\OT1/cmr/m/
n/14.4 9481001514537\OML/cmm/m/it/14.4 e \OT1/cmr/m/n/14.4 + 31 +
 []

[242] [243] [244]
Underfull \hbox (badness 6825) in paragraph at lines 9781--9781
[]\T2A/cmr/m/n/14.4 9770)$   \OT1/cmr/m/n/14.4 9\OML/cmm/m/it/14.4 :\OT1/cmr/m/
n/14.4 8669112590026\OML/cmm/m/it/14.4 e \OT1/cmr/m/n/14.4 + 31 +
 []

[245] [246] [247] [248] [249] [250] [251] [252] [253] [254] [255] [256]
[257] [258] [259] [260] [261] [262] [263] [264] [265] [266] [267] [268]
[269] [270] [271] [272] [273] [274] [275] [276] [277] [278] [279] [280]
[281] [282] [283] [284] [285] [286] [287] [288] [289] [290] [291] [292]
[293] [294] [295] [296] [297]
Underfull \hbox (badness 10000) in paragraph at lines 11924--11924
[]\T2A/cmr/m/n/14.4 11913)$ \OT1/cmr/m/n/14.4 8\OML/cmm/m/it/14.4 :\OT1/cmr/m/n
/14.4 805185479001\OML/cmm/m/it/14.4 e \OT1/cmr/m/n/14.4 + 31 +
 []

[298] [299]
Underfull \hbox (badness 10000) in paragraph at lines 11975--11975
[]\T2A/cmr/m/n/14.4 11964)$ \OT1/cmr/m/n/14.4 6\OML/cmm/m/it/14.4 :\OT1/cmr/m/n
/14.4 646456108043\OML/cmm/m/it/14.4 e \OT1/cmr/m/n/14.4 + 31 +
 []

[300] [301] [302] [303] [304] [305] [306] [307] [308] [309] [310] [311]
[312] [313] [314] [315] [316] [317] [318] [319] [320] [321] [322] [323]
[324] [325] [326] [327] [328] [329] [330] [331] [332] [333] [334] [335]
[336] [337] [338] [339] [340] [341] [342] [343] [344] [345] [346] [347]
[348] [349] [350] [351] [352] [353] [354] [355] [356] [357] [358] [359]
[360] [361] [362] [363] [364] [365] [366] [367] [368] [369] [370] [371]
[372] [373] [374] [375] [376] [377] [378]
Underfull \hbox (badness 10000) in paragraph at lines 15168--15168
[]\T2A/cmr/m/n/14.4 15157)$ \OT1/cmr/m/n/14.4 4\OML/cmm/m/it/14.4 :\OT1/cmr/m/n
/14.4 688500133824\OML/cmm/m/it/14.4 e \OT1/cmr/m/n/14.4 + 31 +
 []

[379] [380] [381] [382] [383] [384] [385] [386] [387] [388] [389] [390]
[391] [392] [393] [394] [395] [396] [397] [398] [399] [400] [401] [402]
[403]
Underfull \hbox (badness 10000) in paragraph at lines 16146--16146
[]\T2A/cmr/m/n/14.4 16135)$ \OT1/cmr/m/n/14.4 5\OML/cmm/m/it/14.4 :\OT1/cmr/m/n
/14.4 805626278036\OML/cmm/m/it/14.4 e \OT1/cmr/m/n/14.4 + 31 +
 []

[404] [405] [406] [407] [408] [409] [410] [411] [412] [413] [414] [415]
[416] [417] [418] [419] [420] [421] [422]
Underfull \hbox (badness 10000) in paragraph at lines 16909--16909
[]\T2A/cmr/m/n/14.4 16898)$ \OT1/cmr/m/n/14.4 5\OML/cmm/m/it/14.4 :\OT1/cmr/m/n
/14.4 495232410644\OML/cmm/m/it/14.4 e \OT1/cmr/m/n/14.4 + 31 +
 []

[423] [424] [425] [426] [427] [428] [429] [430] [431] [432] [433] [434]
[435] [436] [437] [438] [439] [440]
Underfull \hbox (badness 10000) in paragraph at lines 17651--17651
[]\T2A/cmr/m/n/14.4 17640)$ \OT1/cmr/m/n/14.4 2\OML/cmm/m/it/14.4 :\OT1/cmr/m/n
/14.4 784857857626\OML/cmm/m/it/14.4 e \OT1/cmr/m/n/14.4 + 31 +
 []

[441] [442] [443] [444] [445] [446]
Underfull \hbox (badness 10000) in paragraph at lines 17864--17864
[]\T2A/cmr/m/n/14.4 17853)$ \OT1/cmr/m/n/14.4 4\OML/cmm/m/it/14.4 :\OT1/cmr/m/n
/14.4 375207538838\OML/cmm/m/it/14.4 e \OT1/cmr/m/n/14.4 + 31 +
 []

[447] [448] [449] [450] [451] [452] [453] [454] [455] [456] [457] [458]
[459] [460] [461] [462] [463] [464] [465] [466] [467] [468] [469] [470]
[471] [472] [473] [474] [475] [476] [477] [478] [479] [480] [481] [482]
[483] [484] [485] [486] [487] [488] [489] [490] [491] [492] [493] [494]
[495] [496] [497] [498] [499] [500] [501] [502] [503] [504] [505] [506]
[507] [508] [509] [510] [511] [512] [513] [514] [515] [516] [517] [518]
[519] [520] [521] [522] [523] [524] [525] [526] [527] [528] [529] [530]
[531]
Underfull \hbox (badness 10000) in paragraph at lines 21257--21257
[]\T2A/cmr/m/n/14.4 21246)$ \OT1/cmr/m/n/14.4 6\OML/cmm/m/it/14.4 :\OT1/cmr/m/n
/14.4 686584085814\OML/cmm/m/it/14.4 e \OT1/cmr/m/n/14.4 + 31 +
 []


Underfull \hbox (badness 10000) in paragraph at lines 21268--21268
[]\T2A/cmr/m/n/14.4 21257)$ \OT1/cmr/m/n/14.4 9\OML/cmm/m/it/14.4 :\OT1/cmr/m/n
/14.4 056899932867\OML/cmm/m/it/14.4 e \OT1/cmr/m/n/14.4 + 31 +
 []

[532] [533] [534] [535] [536] [537] [538] [539] [540] [541] [542] [543]
[544] [545] [546] [547] [548] [549] [550] [551] [552] [553] [554] [555]
[556] [557] [558] [559] [560] [561] [562] [563] [564] [565] [566] [567]
[568] [569] [570] [571] [572] [573] [574] [575] [576] [577] [578] [579]
[580] [581] [582] [583] [584] [585] [586] [587] [588] [589] [590] [591]
[592] [593] [594] [595] [596] [597] [598] [599] [600] [601] [602] [603]
[604] [605] [606] [607] [608] [609] [610] [611] [612] [613] [614] [615]
[616] [617] [618] [619] [620] [621] [622] [623] [624] [625] [626] [627]
[628] [629] [630] [631] [632] [633] [634] [635] [636] [637] [638] [639]
[640] [641] [642] [643] [644] [645] [646] [647] [648] [649] [650] [651]
[652] [653] [654] [655]
Underfull \hbox (badness 10000) in paragraph at lines 26234--26234
[]\T2A/cmr/m/n/14.4 26223)$ \OT1/cmr/m/n/14.4 5\OML/cmm/m/it/14.4 :\OT1/cmr/m/n
/14.4 109762317666\OML/cmm/m/it/14.4 e \OT1/cmr/m/n/14.4 + 31 +
 []

[656] [657] [658] [659] [660] [661] [662] [663] [664] [665] [666] [667]
[668] [669] [670] [671] [672] [673] [674] [675] [676]
Underfull \hbox (badness 10000) in paragraph at lines 27085--27085
[]\T2A/cmr/m/n/14.4 27074)$ \OT1/cmr/m/n/14.4 2\OML/cmm/m/it/14.4 :\OT1/cmr/m/n
/14.4 541309678359\OML/cmm/m/it/14.4 e \OT1/cmr/m/n/14.4 + 31 +
 []

[677] [678] [679] [680] [681] [682] [683] [684] [685] [686] [687] [688]
Underfull \hbox (badness 10000) in paragraph at lines 27559--27559
[]\T2A/cmr/m/n/14.4 27548)$ \OT1/cmr/m/n/14.4 4\OML/cmm/m/it/14.4 :\OT1/cmr/m/n
/14.4 599331602122\OML/cmm/m/it/14.4 e \OT1/cmr/m/n/14.4 + 31 +
 []

[689] [690] [691] [692] [693] [694] [695] [696] [697] [698] [699] [700]
[701] [702] [703] [704] [705] [706] [707] [708] [709] [710] [711] [712]
[713] [714] [715] [716] [717] [718] [719] [720] [721] [722] [723] [724]
[725] [726] [727] [728] [729] [730] [731] [732] [733] [734] [735] [736]
[737] [738] [739] [740] [741] [742] [743] [744] [745] [746] [747] [748]
[749] [750]
Underfull \hbox (badness 10000) in paragraph at lines 30034--30034
[]\T2A/cmr/m/n/14.4 30023)$ \OT1/cmr/m/n/14.4 3\OML/cmm/m/it/14.4 :\OT1/cmr/m/n
/14.4 365233347031\OML/cmm/m/it/14.4 e \OT1/cmr/m/n/14.4 + 31 +
 []

[751] [752] [753] [754] [755] [756] [757] [758] [759] [760] [761] [762]
[763] [764] [765] [766] [767]
Underfull \hbox (badness 10000) in paragraph at lines 30701--30701
[]\T2A/cmr/m/n/14.4 30690)$ \OT1/cmr/m/n/14.4 4\OML/cmm/m/it/14.4 :\OT1/cmr/m/n
/14.4 9859978171\OML/cmm/m/it/14.4 e \OT1/cmr/m/n/14.4 + 31 +
 []

[768] [769] [770] [771] [772] [773] [774]
Underfull \hbox (badness 10000) in paragraph at lines 30983--30983
[]\T2A/cmr/m/n/14.4 30972)$ \OT1/cmr/m/n/14.4 6\OML/cmm/m/it/14.4 :\OT1/cmr/m/n
/14.4 029701311055\OML/cmm/m/it/14.4 e \OT1/cmr/m/n/14.4 + 31 +
 []

[775] [776] [777] [778] [779] [780] [781] [782] [783] [784] [785] [786]
[787] [788] [789] [790] [791] [792]
Underfull \hbox (badness 10000) in paragraph at lines 31722--31722
[]\T2A/cmr/m/n/14.4 31711)$ \OT1/cmr/m/n/14.4 9\OML/cmm/m/it/14.4 :\OT1/cmr/m/n
/14.4 785380056863\OML/cmm/m/it/14.4 e \OT1/cmr/m/n/14.4 + 31 +
 []

[793] [794] [795] [796] [797] [798] [799] [800] [801] [802] [803] [804]
[805] [806] [807] [808] [809] [810] [811] [812] [813] [814] [815] [816]
[817] [818] [819] [820] [821] [822] [823] [824] [825] [826] [827] [828]
[829] [830] [831] [832] [833] [834] [835] [836] [837] [838] [839] [840]
[841] [842] [843] [844] [845] [846] [847] [848] [849] [850] [851] [852]
[853] [854] [855] [856] [857] [858] [859] [860] [861] [862] [863] [864]
[865] [866] [867] [868]
Underfull \hbox (badness 10000) in paragraph at lines 34752--34752
[]\T2A/cmr/m/n/14.4 34741)$ \OT1/cmr/m/n/14.4 8\OML/cmm/m/it/14.4 :\OT1/cmr/m/n
/14.4 030621615612\OML/cmm/m/it/14.4 e \OT1/cmr/m/n/14.4 + 31 +
 []

[869] [870] [871] [872] [873] [874] [875] [876] [877] [878] [879] [880]
[881] [882] [883] [884]
Underfull \hbox (badness 10000) in paragraph at lines 35395--35395
[]\T2A/cmr/m/n/14.4 35384)$ \OT1/cmr/m/n/14.4 9\OML/cmm/m/it/14.4 :\OT1/cmr/m/n
/14.4 721402461066\OML/cmm/m/it/14.4 e \OT1/cmr/m/n/14.4 + 31 +
 []

[885] [886] [887] [888] [889] [890] [891] [892] [893] [894]
Underfull \hbox (badness 10000) in paragraph at lines 35777--35777
[]\T2A/cmr/m/n/14.4 35766)$ \OT1/cmr/m/n/14.4 6\OML/cmm/m/it/14.4 :\OT1/cmr/m/n
/14.4 943445968746\OML/cmm/m/it/14.4 e \OT1/cmr/m/n/14.4 + 31 +
 []

[895] [896] [897] [898]
Underfull \hbox (badness 10000) in paragraph at lines 35942--35942
[]\T2A/cmr/m/n/14.4 35931)$ \OT1/cmr/m/n/14.4 6\OML/cmm/m/it/14.4 :\OT1/cmr/m/n
/14.4 268875625399\OML/cmm/m/it/14.4 e \OT1/cmr/m/n/14.4 + 31 +
 []

[899] [900] [901] [902] [903]
Underfull \hbox (badness 10000) in paragraph at lines 36162--36162
[]\T2A/cmr/m/n/14.4 36151)$ \OT1/cmr/m/n/14.4 3\OML/cmm/m/it/14.4 :\OT1/cmr/m/n
/14.4 775422576923\OML/cmm/m/it/14.4 e \OT1/cmr/m/n/14.4 + 31 +
 []

[904] [905] [906] [907] [908] [909] [910] [911] [912] [913] [914] [915]
[916] [917] [918] [919] [920] [921] [922] [923] [924] [925] [926] [927]
[928] [929]
Underfull \hbox (badness 10000) in paragraph at lines 37209--37209
[]\T2A/cmr/m/n/14.4 37198)$ \OT1/cmr/m/n/14.4 7\OML/cmm/m/it/14.4 :\OT1/cmr/m/n
/14.4 514678851528\OML/cmm/m/it/14.4 e \OT1/cmr/m/n/14.4 + 31 +
 []

[930] [931] [932] [933] [934] [935] [936] [937] [938] [939] [940] [941]
[942] [943]
Underfull \hbox (badness 10000) in paragraph at lines 37741--37741
[]\T2A/cmr/m/n/14.4 37730)$ \OT1/cmr/m/n/14.4 9\OML/cmm/m/it/14.4 :\OT1/cmr/m/n
/14.4 474955552302\OML/cmm/m/it/14.4 e \OT1/cmr/m/n/14.4 + 31 +
 []

[944] [945] [946] [947] [948] [949] [950] [951] [952] [953]
Underfull \hbox (badness 10000) in paragraph at lines 38133--38133
[]\T2A/cmr/m/n/14.4 38122)$ \OT1/cmr/m/n/14.4 4\OML/cmm/m/it/14.4 :\OT1/cmr/m/n
/14.4 343307426954\OML/cmm/m/it/14.4 e \OT1/cmr/m/n/14.4 + 31 +
 []

[954] [955] [956] [957] [958] [959] [960] [961] [962] [963] [964] [965]
[966] [967] [968] [969] [970] [971] [972] [973] [974] [975] [976] [977]
[978] [979] [980] [981] [982]
Underfull \hbox (badness 10000) in paragraph at lines 39298--39298
[]\T2A/cmr/m/n/14.4 39287)$ \OT1/cmr/m/n/14.4 9\OML/cmm/m/it/14.4 :\OT1/cmr/m/n
/14.4 43812237719\OML/cmm/m/it/14.4 e \OT1/cmr/m/n/14.4 + 31 +
 []

[983] [984] [985] [986] [987] [988] [989] [990] [991] [992] [993] [994]
[995] [996] [997] [998] [999] [1000] [1001] [1002]
Underfull \hbox (badness 10000) in paragraph at lines 40100--40100
[]\T2A/cmr/m/n/14.4 40089)$ \OT1/cmr/m/n/14.4 1\OML/cmm/m/it/14.4 :\OT1/cmr/m/n
/14.4 909362721052\OML/cmm/m/it/14.4 e \OT1/cmr/m/n/14.4 + 31 +
 []

[1003]
Underfull \hbox (badness 10000) in paragraph at lines 40137--40137
[]\T2A/cmr/m/n/14.4 40126)$ \OT1/cmr/m/n/14.4 6\OML/cmm/m/it/14.4 :\OT1/cmr/m/n
/14.4 55170005968\OML/cmm/m/it/14.4 e \OT1/cmr/m/n/14.4 + 31 +
 []

[1004] [1005] [1006] [1007] [1008] [1009] [1010] [1011] [1012] [1013] [1014]
[1015] [1016] [1017] [1018] [1019] [1020] [1021] [1022] [1023] [1024] [1025]
[1026] [1027] [1028] [1029] [1030] [1031] [1032] [1033] [1034] [1035] [1036]
[1037] [1038] [1039] [1040] [1041] [1042] [1043] [1044] [1045] [1046] [1047]
[1048] [1049] [1050] [1051] [1052] [1053] [1054] [1055] [1056] [1057] [1058]
[1059] [1060] [1061] [1062] [1063] [1064] [1065] [1066] [1067] [1068] [1069]
[1070] [1071] [1072] [1073] [1074]
Underfull \hbox (badness 10000) in paragraph at lines 42988--42988
[]\T2A/cmr/m/n/14.4 42977)$ \OT1/cmr/m/n/14.4 8\OML/cmm/m/it/14.4 :\OT1/cmr/m/n
/14.4 388873315857\OML/cmm/m/it/14.4 e \OT1/cmr/m/n/14.4 + 31 +
 []

[1075] [1076] [1077] [1078] [1079] [1080] [1081] [1082] [1083] [1084] [1085]
[1086] [1087] [1088] [1089] [1090] [1091] [1092] [1093] [1094] [1095] [1096]
[1097] [1098] [1099] [1100] [1101] [1102] [1103] [1104] [1105] [1106] [1107]
[1108] [1109] [1110] [1111] [1112] [1113] [1114] [1115] [1116] [1117] [1118]
[1119] [1120] [1121] [1122] [1123] [1124] [1125] [1126] [1127] [1128] [1129]
[1130] [1131]
Underfull \hbox (badness 10000) in paragraph at lines 45256--45256
[]\T2A/cmr/m/n/14.4 45245)$ \OT1/cmr/m/n/14.4 8\OML/cmm/m/it/14.4 :\OT1/cmr/m/n
/14.4 606583423898\OML/cmm/m/it/14.4 e \OT1/cmr/m/n/14.4 + 31 +
 []

[1132] [1133] [1134] [1135] [1136] [1137] [1138] [1139] [1140] [1141] [1142]
[1143] [1144] [1145] [1146] [1147] [1148] [1149] [1150] [1151] [1152] [1153]
[1154] [1155] [1156] [1157] [1158] [1159] [1160] [1161] [1162] [1163] [1164]
[1165] [1166] [1167] [1168] [1169] [1170] [1171] [1172] [1173] [1174] [1175]
[1176] [1177] [1178] [1179] [1180] [1181] [1182] [1183] [1184] [1185] [1186]
[1187] [1188] [1189] [1190] [1191] [1192] [1193] [1194] [1195] [1196] [1197]
[1198] [1199] [1200] [1201] [1202] [1203] [1204] [1205] [1206] [1207] [1208]
[1209] [1210] [1211] [1212] [1213] [1214] [1215] [1216] [1217] [1218] [1219]
[1220] [1221] [1222] [1223] [1224] [1225] [1226] [1227] [1228] [1229] [1230]
[1231] [1232] [1233] [1234] [1235] [1236] [1237] [1238] [1239] [1240]
Underfull \hbox (badness 10000) in paragraph at lines 49643--49643
[]\T2A/cmr/m/n/14.4 49632)$ \OT1/cmr/m/n/14.4 3\OML/cmm/m/it/14.4 :\OT1/cmr/m/n
/14.4 742618439861\OML/cmm/m/it/14.4 e \OT1/cmr/m/n/14.4 + 31 +
 []

[1241] [1242] [1243] [1244] [1245] [1246] [1247] [1248] [1249]
Overfull \vbox (17.54948pt too high) has occurred while \output is active []


Overfull \vbox (17.54948pt too high) has occurred while \output is active []


[1250] [1251] (C:\Users\User\Desktop\Prostynya\Prostynya\latex\234.aux)

LaTeX Font Warning: Size substitutions with differences
(Font)              up to 0.71996pt have occurred.

 ) 
Here is how much of TeX's memory you used:
 3194 strings out of 476331
 52039 string characters out of 5788238
 1869660 words of memory out of 5000000
 23636 multiletter control sequences out of 15000+600000
 516601 words of font info for 41 fonts, out of 8000000 for 9000
 1141 hyphenation exceptions out of 8191
 72i,5n,77p,311b,247s stack positions out of 10000i,1000n,20000p,200000b,200000s
 <C:\Users\User\AppData\Local\MiKTeX\fonts/pk/ljfour/lh/lh-t2a/dpi600\larm144
0.pk> <C:\Users\User\AppData\Local\MiKTeX\fonts/pk/ljfour/lh/lh-t2a/dpi600\lati
1728.pk><C:/Users/User/AppData/Local/Programs/MiKTeX/fonts/type1/public/amsfont
s/cm/cmmi12.pfb><C:/Users/User/AppData/Local/Programs/MiKTeX/fonts/type1/public
/amsfonts/cm/cmr12.pfb>
Output written on C:\Users\User\Desktop\Prostynya\Prostynya\latex\234.pdf (1251
 pages, 2348958 bytes).
PDF statistics:
 4037 PDF objects out of 4296 (max. 8388607)
 0 named destinations out of 1000 (max. 500000)
 1 words of extra memory for PDF output out of 10000 (max. 10000000)

